0 info it worked if it ends with ok
1 verbose cli [ 'C:\\Program Files\\nodejs\\node.exe',
1 verbose cli   'C:\\Program Files\\nodejs\\node_modules\\npm\\bin\\npm-cli.js',
1 verbose cli   'start' ]
2 info using npm@3.10.10
3 info using node@v6.10.2
4 verbose run-script [ 'prestart', 'start', 'poststart' ]
5 info lifecycle feifanh5star@1.0.0~prestart: feifanh5star@1.0.0
6 silly lifecycle feifanh5star@1.0.0~prestart: no script for prestart, continuing
7 info lifecycle feifanh5star@1.0.0~start: feifanh5star@1.0.0
8 verbose lifecycle feifanh5star@1.0.0~start: unsafe-perm in lifecycle true
9 verbose lifecycle feifanh5star@1.0.0~start: PATH: C:\Program Files\nodejs\node_modules\npm\bin\node-gyp-bin;C:\Users\Jiaojl\Desktop\75camp\feifanh5star\node_modules\.bin;C:\Python27\;C:\Python27\Scripts;C:\WINDOWS\system32;C:\WINDOWS;C:\WINDOWS\System32\Wbem;C:\WINDOWS\System32\WindowsPowerShell\v1.0\;C:\Program Files\Intel\OpenCL SDK\2.0\bin\x86;C:\Program Files\Lenovo\Access Connections\;C:\Program Files\Java\jdk1.7.0_25\bin;C:\Program Files\Java\jdk1.7.0_25\jre\bin;D:\小开发\apache-tomcat-8.0.21\bin;D:\小开发\apache-tomcat-8.0.21\lib;D:\小开发\apache-tomcat-8.0.21\lib;C:\Program Files\DTS\DTS\DTSCPP\vc98\Bin;C:\Program Files\DTS\DTS\DTSGCC\cygwin\bin;C:\Program Files\DTS\DTS\DTSGCC\include;C:\Program Files\Git\cmd;C:\Program Files\Java\jdk1.7.0_25\bin;C:\Program Files\nodejs\;C:\Users\Jiaojl\AppData\Local\Microsoft\WindowsApps;;C:\Program Files\Microsoft VS Code\bin;C:\Users\Jiaojl\AppData\Roaming\npm
10 verbose lifecycle feifanh5star@1.0.0~start: CWD: C:\Users\Jiaojl\Desktop\75camp\feifanh5star
11 silly lifecycle feifanh5star@1.0.0~start: Args: [ '/d /s /c', 'webpack-dev-server --open' ]
12 verbose stack Error: kill ENOSYS
12 verbose stack     at exports._errnoException (util.js:1018:11)
12 verbose stack     at process.kill (internal/process.js:190:13)
12 verbose stack     at process.listener (C:\Program Files\nodejs\node_modules\npm\node_modules\npmlog\node_modules\gauge\node_modules\signal-exit\index.js:86:15)
12 verbose stack     at emitNone (events.js:91:20)
12 verbose stack     at process.emit (events.js:185:7)
12 verbose stack     at processEmit (C:\Program Files\nodejs\node_modules\npm\node_modules\npmlog\node_modules\gauge\node_modules\signal-exit\index.js:146:32)
12 verbose stack     at processEmit (C:\Program Files\nodejs\node_modules\npm\node_modules\npm-registry-client\node_modules\npmlog\node_modules\gauge\node_modules\signal-exit\index.js:146:32)
12 verbose stack     at Signal.wrap.onsignal (internal/process.js:217:44)
13 verbose cwd C:\Users\Jiaojl\Desktop\75camp\feifanh5star
14 error Windows_NT 10.0.14393
15 error argv "C:\\Program Files\\nodejs\\node.exe" "C:\\Program Files\\nodejs\\node_modules\\npm\\bin\\npm-cli.js" "start"
16 error node v6.10.2
17 error npm  v3.10.10
18 error code ENOSYS
19 error errno ENOSYS
20 error syscall kill
21 error kill ENOSYS
22 error If you need help, you may report this error at:
22 error     <https://github.com/npm/npm/issues>
23 verbose exit [ 1, true ]
